2025-03-07 06:12:19,499 - INFO - Fetching data from Google Sheets...
2025-03-07 06:12:19,499 - INFO - Fetching data from Google Sheets...
2025-03-07 06:12:21,243 - INFO - Data fetched successfully. Processing...
2025-03-07 06:12:21,244 - WARNING - Skipping comment row: ['//Asset id ', 'Assigned to ', 'Laptop id', 'laptop os ', 'QR']
2025-03-07 06:12:21,245 - INFO - Data processed and saved.
2025-03-07 06:12:21,247 - INFO - Data processed and saved.
2025-03-07 06:12:24,251 - INFO - Printing labels...
2025-03-07 06:12:24,251 - INFO - Printing labels...
2025-03-07 06:12:24,252 - ERROR - Printing failed: Cannot guess backend for given identifier: usb
2025-03-07 06:12:24,254 - INFO - Printing failed: Cannot guess backend for given identifier: usb
2025-03-07 06:12:24,254 - ERROR - Printing failed: Cannot guess backend for given identifier: usb
2025-03-07 06:13:45,537 - INFO - Printing labels...
2025-03-07 06:13:45,538 - INFO - Printing labels...
2025-03-07 06:13:45,539 - ERROR - Printing failed: Cannot guess backend for given identifier: usb
2025-03-07 06:13:45,541 - INFO - Printing failed: Cannot guess backend for given identifier: usb
2025-03-07 06:13:45,541 - ERROR - Printing failed: Cannot guess backend for given identifier: usb
2025-03-07 06:18:36,341 - INFO - Printing labels...
2025-03-07 06:18:36,342 - INFO - Starting label printing process...
2025-03-07 06:18:36,342 - INFO - Initializing printer model 'PT-P900W' with connection 'usb'...
2025-03-07 06:18:36,343 - ERROR - Failed to initialize printer: Cannot guess backend for given identifier: usb
2025-03-07 06:18:36,343 - ERROR - Printing failed: Cannot guess backend for given identifier: usb
2025-03-07 06:18:36,345 - INFO - Printing failed: Cannot guess backend for given identifier: usb
2025-03-07 06:18:36,345 - ERROR - Printing failed: Cannot guess backend for given identifier: usb
2025-03-07 06:22:51,955 - INFO - Printing labels...
2025-03-07 06:22:51,955 - INFO - Printing labels...
2025-03-07 06:22:51,970 - INFO - No label images found to print.
2025-03-07 06:22:51,970 - INFO - Labels printed successfully.
2025-03-07 06:22:51,972 - INFO - Labels printed successfully.
